# JRE version: Java(TM) SE Runtime Environment (19.0.1+10) (build 19.0.1+10-21)
# Java VM: Java HotSpot(TM) 64-Bit Server VM (19.0.1+10-21, mixed mode, emulated-client, sharing, tiered, compressed oops, compressed class ptrs, g1 gc, windows-amd64)
GC Precious Log:
 CardTable entry size: 512
 Card Set container configuration: InlinePtr #cards 5 size 8 Array Of Cards #cards 12 size 40 Howl #buckets 4 coarsen threshold 1843 Howl Bitmap #cards 512 size 80 coarsen threshold 460 Card regions per heap region 1 cards per card region 2048
 CPUs: 8 total, 8 available
 Memory: 8064M
 Large Page Support: Disabled
 NUMA Support: Disabled
 Compressed Oops: Enabled (32-bit)
 Heap Region Size: 1M
 Heap Min Capacity: 8M
 Heap Initial Capacity: 128M
 Heap Max Capacity: 2018M
 Pre-touch: Disabled
 Parallel Workers: 8
 Concurrent Workers: 2
 Concurrent Refinement Workers: 8
 Periodic GC: Disabled
Heap:
 garbage-first heap   total 81920K, used 52140K [0x0000000081e00000, 0x0000000100000000)
  region size 1024K, 31 young (31744K), 1 survivors (1024K)
 Metaspace       used 54103K, committed 54848K, reserved 1114112K
  class space    used 6522K, committed 6912K, reserved 1048576K
GC Heap History (20 events):
Event: 51200.387 GC heap after
{Heap after GC invocations=829 (full 18):
 garbage-first heap   total 81920K, used 22056K [0x0000000081e00000, 0x0000000100000000)
  region size 1024K, 1 young (1024K), 1 survivors (1024K)
 Metaspace       used 54052K, committed 54720K, reserved 1114112K
  class space    used 6514K, committed 6848K, reserved 1048576K
}
Event: 51295.168 GC heap before
{Heap before GC invocations=829 (full 18):
 garbage-first heap   total 81920K, used 70184K [0x0000000081e00000, 0x0000000100000000)
  region size 1024K, 48 young (49152K), 1 survivors (1024K)
 Metaspace       used 54063K, committed 54720K, reserved 1114112K
  class space    used 6516K, committed 6848K, reserved 1048576K
}
Event: 51295.170 GC heap after
{Heap after GC invocations=830 (full 18):
 garbage-first heap   total 81920K, used 22047K [0x0000000081e00000, 0x0000000100000000)
  region size 1024K, 1 young (1024K), 1 survivors (1024K)
 Metaspace       used 54063K, committed 54720K, reserved 1114112K
  class space    used 6516K, committed 6848K, reserved 1048576K
}
Event: 51390.059 GC heap before
{Heap before GC invocations=830 (full 18):
 garbage-first heap   total 81920K, used 70175K [0x0000000081e00000, 0x0000000100000000)
  region size 1024K, 48 young (49152K), 1 survivors (1024K)
 Metaspace       used 54063K, committed 54720K, reserved 1114112K
  class space    used 6516K, committed 6848K, reserved 1048576K
}
Event: 51390.061 GC heap after
{Heap after GC invocations=831 (full 18):
 garbage-first heap   total 81920K, used 22043K [0x0000000081e00000, 0x0000000100000000)
  region size 1024K, 1 young (1024K), 1 survivors (1024K)
 Metaspace       used 54063K, committed 54720K, reserved 1114112K
  class space    used 6516K, committed 6848K, reserved 1048576K
}
Event: 51484.975 GC heap before
{Heap before GC invocations=831 (full 18):
 garbage-first heap   total 81920K, used 70171K [0x0000000081e00000, 0x0000000100000000)
  region size 1024K, 48 young (49152K), 1 survivors (1024K)
 Metaspace       used 54063K, committed 54720K, reserved 1114112K
  class space    used 6516K, committed 6848K, reserved 1048576K
}
Event: 51484.978 GC heap after
{Heap after GC invocations=832 (full 18):
 garbage-first heap   total 81920K, used 22054K [0x0000000081e00000, 0x0000000100000000)
  region size 1024K, 1 young (1024K), 1 survivors (1024K)
 Metaspace       used 54063K, committed 54720K, reserved 1114112K
  class space    used 6516K, committed 6848K, reserved 1048576K
}
Event: 51579.861 GC heap before
{Heap before GC invocations=832 (full 18):
 garbage-first heap   total 81920K, used 70182K [0x0000000081e00000, 0x0000000100000000)
  region size 1024K, 48 young (49152K), 1 survivors (1024K)
 Metaspace       used 54072K, committed 54720K, reserved 1114112K
  class space    used 6517K, committed 6848K, reserved 1048576K
}
Event: 51579.863 GC heap after
{Heap after GC invocations=833 (full 18):
 garbage-first heap   total 81920K, used 22063K [0x0000000081e00000, 0x0000000100000000)
  region size 1024K, 1 young (1024K), 1 survivors (1024K)
 Metaspace       used 54072K, committed 54720K, reserved 1114112K
  class space    used 6517K, committed 6848K, reserved 1048576K
}
Event: 51674.730 GC heap before
{Heap before GC invocations=833 (full 18):
 garbage-first heap   total 81920K, used 70191K [0x0000000081e00000, 0x0000000100000000)
  region size 1024K, 48 young (49152K), 1 survivors (1024K)
 Metaspace       used 54072K, committed 54720K, reserved 1114112K
  class space    used 6517K, committed 6848K, reserved 1048576K
}
Event: 51674.732 GC heap after
{Heap after GC invocations=834 (full 18):
 garbage-first heap   total 81920K, used 22069K [0x0000000081e00000, 0x0000000100000000)
  region size 1024K, 1 young (1024K), 1 survivors (1024K)
 Metaspace       used 54072K, committed 54720K, reserved 1114112K
  class space    used 6517K, committed 6848K, reserved 1048576K
}
Event: 51769.395 GC heap before
{Heap before GC invocations=834 (full 18):
 garbage-first heap   total 81920K, used 70197K [0x0000000081e00000, 0x0000000100000000)
  region size 1024K, 48 young (49152K), 1 survivors (1024K)
 Metaspace       used 54072K, committed 54720K, reserved 1114112K
  class space    used 6517K, committed 6848K, reserved 1048576K
}
Event: 51769.398 GC heap after
{Heap after GC invocations=835 (full 18):
 garbage-first heap   total 81920K, used 21994K [0x0000000081e00000, 0x0000000100000000)
  region size 1024K, 1 young (1024K), 1 survivors (1024K)
 Metaspace       used 54072K, committed 54720K, reserved 1114112K
  class space    used 6517K, committed 6848K, reserved 1048576K
}
Event: 51864.477 GC heap before
{Heap before GC invocations=835 (full 18):
 garbage-first heap   total 81920K, used 70122K [0x0000000081e00000, 0x0000000100000000)
  region size 1024K, 48 young (49152K), 1 survivors (1024K)
 Metaspace       used 54082K, committed 54720K, reserved 1114112K
  class space    used 6519K, committed 6848K, reserved 1048576K
}
Event: 51864.479 GC heap after
{Heap after GC invocations=836 (full 18):
 garbage-first heap   total 81920K, used 22073K [0x0000000081e00000, 0x0000000100000000)
  region size 1024K, 1 young (1024K), 1 survivors (1024K)
 Metaspace       used 54082K, committed 54720K, reserved 1114112K
  class space    used 6519K, committed 6848K, reserved 1048576K
}
Event: 51957.413 GC heap before
{Heap before GC invocations=836 (full 18):
 garbage-first heap   total 81920K, used 70201K [0x0000000081e00000, 0x0000000100000000)
  region size 1024K, 48 young (49152K), 1 survivors (1024K)
 Metaspace       used 54088K, committed 54720K, reserved 1114112K
  class space    used 6520K, committed 6848K, reserved 1048576K
}
Event: 51957.418 GC heap after
{Heap after GC invocations=837 (full 18):
 garbage-first heap   total 81920K, used 22399K [0x0000000081e00000, 0x0000000100000000)
  region size 1024K, 1 young (1024K), 1 survivors (1024K)
 Metaspace       used 54088K, committed 54720K, reserved 1114112K
  class space    used 6520K, committed 6848K, reserved 1048576K
}
Event: 52052.492 GC heap before
{Heap before GC invocations=837 (full 18):
 garbage-first heap   total 81920K, used 70527K [0x0000000081e00000, 0x0000000100000000)
  region size 1024K, 48 young (49152K), 1 survivors (1024K)
 Metaspace       used 54088K, committed 54720K, reserved 1114112K
  class space    used 6520K, committed 6848K, reserved 1048576K
}
Event: 52052.497 GC heap after
{Heap after GC invocations=838 (full 18):
 garbage-first heap   total 81920K, used 22354K [0x0000000081e00000, 0x0000000100000000)
  region size 1024K, 1 young (1024K), 1 survivors (1024K)
 Metaspace       used 54088K, committed 54720K, reserved 1114112K
  class space    used 6520K, committed 6848K, reserved 1048576K
}
Event: 52109.578 GC heap before
{Heap before GC invocations=838 (full 18):
 garbage-first heap   total 81920K, used 52050K [0x0000000081e00000, 0x0000000100000000)
  region size 1024K, 31 young (31744K), 1 survivors (1024K)
 Metaspace       used 54103K, committed 54848K, reserved 1114112K
  class space    used 6522K, committed 6912K, reserved 1048576K
}

